<?xml version="1.0" encoding="UTF-8"?>
<!-- Generated by org.testng.reporters.JUnitReportReporter -->
<testsuite hostname="Praveens-MacBook-Pro.local" failures="0" tests="1" name="testCases.SearchProduct" time="25.731" errors="0" timestamp="2021-01-18T17:54:39 IST" skipped="0">
  <testcase classname="testCases.SearchProduct" name="addToBag" time="25.731"/>
  <system-out>
<img src="file:///Users/praveenjaldawar/Documents/SeleniumDemo/MyntraApplication/src/test/java/screenShots/ScreenShots_2021.01.18.17.54.25.png" alt=""/> <img src="file:///Users/praveenjaldawar/Documents/SeleniumDemo/MyntraApplication/src/test/java/screenShots/ScreenShots_2021.01.18.17.54.27.png" alt=""/> <img src="file:///Users/praveenjaldawar/Documents/SeleniumDemo/MyntraApplication/src/test/java/screenShots/ScreenShots_2021.01.18.17.54.32.png" alt=""/> <img src="file:///Users/praveenjaldawar/Documents/SeleniumDemo/MyntraApplication/src/test/java/screenShots/ScreenShots_2021.01.18.17.54.37.png" alt=""/>  </system-out>
</testsuite> <!-- testCases.SearchProduct -->
